2021-05-16 12:37:31,311 INFO org.springframework.boot.StartupInfoLogger [restartedMain] Starting Demo2ApplicationKt using Java 15.0.2 on LAPTOP-LRTCBQ5B with PID 7812 (C:\Users\dmkal\Desktop\demo2\target\classes started by dmkal in C:\Users\dmkal\Desktop\demo2)
2021-05-16 12:37:31,312 INFO org.springframework.boot.SpringApplication [restartedMain] No active profile set, falling back to default profiles: default
2021-05-16 12:37:31,342 INFO org.springframework.boot.logging.DeferredLog [restartedMain] Devtools property defaults active! Set 'spring.devtools.add-properties' to 'false' to disable
2021-05-16 12:37:31,343 INFO org.springframework.boot.logging.DeferredLog [restartedMain] For additional web related logging consider setting the 'logging.level.web' property to 'DEBUG'
2021-05-16 12:37:31,702 INFO org.springframework.data.repository.config.RepositoryConfigurationDelegate [restartedMain] Bootstrapping Spring Data JDBC repositories in DEFAULT mode.
2021-05-16 12:37:31,708 INFO org.springframework.data.repository.config.RepositoryConfigurationDelegate [restartedMain] Finished Spring Data repository scanning in 3 ms. Found 0 JDBC repository interfaces.
2021-05-16 12:37:31,954 INFO org.springframework.boot.web.embedded.tomcat.TomcatWebServer [restartedMain] Tomcat initialized with port(s): 8080 (http)
2021-05-16 12:37:31,960 INFO org.apache.juli.logging.DirectJDKLog [restartedMain] Initializing ProtocolHandler ["http-nio-8080"]
2021-05-16 12:37:31,960 INFO org.apache.juli.logging.DirectJDKLog [restartedMain] Starting service [Tomcat]
2021-05-16 12:37:31,960 INFO org.apache.juli.logging.DirectJDKLog [restartedMain] Starting Servlet engine: [Apache Tomcat/9.0.45]
2021-05-16 12:37:32,004 INFO org.apache.juli.logging.DirectJDKLog [restartedMain] Initializing Spring embedded WebApplicationContext
2021-05-16 12:37:32,005 INFO org.springframework.boot.web.servlet.context.ServletWebServerApplicationContext [restartedMain] Root WebApplicationContext: initialization completed in 662 ms
2021-05-16 12:37:32,138 INFO org.springframework.scheduling.concurrent.ExecutorConfigurationSupport [restartedMain] Initializing ExecutorService 'applicationTaskExecutor'
2021-05-16 12:37:32,250 INFO com.zaxxer.hikari.HikariDataSource [restartedMain] HikariPool-1 - Starting...
2021-05-16 12:37:32,297 INFO com.zaxxer.hikari.HikariDataSource [restartedMain] HikariPool-1 - Start completed.
2021-05-16 12:37:32,342 WARN org.springframework.boot.devtools.autoconfigure.OptionalLiveReloadServer [restartedMain] Unable to start LiveReload server
2021-05-16 12:37:32,351 INFO org.apache.juli.logging.DirectJDKLog [restartedMain] Starting ProtocolHandler ["http-nio-8080"]
2021-05-16 12:37:32,360 WARN org.springframework.context.support.AbstractApplicationContext [restartedMain] Exception encountered during context initialization - cancelling refresh attempt: org.springframework.context.ApplicationContextException: Failed to start bean 'webServerStartStop'; nested exception is org.springframework.boot.web.server.PortInUseException: Port 8080 is already in use
2021-05-16 12:37:32,361 INFO org.springframework.scheduling.concurrent.ExecutorConfigurationSupport [restartedMain] Shutting down ExecutorService 'applicationTaskExecutor'
2021-05-16 12:37:32,362 INFO com.zaxxer.hikari.HikariDataSource [restartedMain] HikariPool-1 - Shutdown initiated...
2021-05-16 12:37:32,363 INFO com.zaxxer.hikari.HikariDataSource [restartedMain] HikariPool-1 - Shutdown completed.
2021-05-16 12:37:32,364 INFO org.apache.juli.logging.DirectJDKLog [restartedMain] Pausing ProtocolHandler ["http-nio-8080"]
2021-05-16 12:37:32,364 INFO org.apache.juli.logging.DirectJDKLog [restartedMain] Stopping service [Tomcat]
2021-05-16 12:37:32,367 INFO org.apache.juli.logging.DirectJDKLog [restartedMain] Stopping ProtocolHandler ["http-nio-8080"]
2021-05-16 12:37:32,368 INFO org.apache.juli.logging.DirectJDKLog [restartedMain] Destroying ProtocolHandler ["http-nio-8080"]
2021-05-16 12:37:32,373 INFO org.springframework.boot.autoconfigure.logging.ConditionEvaluationReportLoggingListener [restartedMain] 

Error starting ApplicationContext. To display the conditions report re-run your application with 'debug' enabled.
2021-05-16 12:37:32,383 ERROR org.springframework.boot.diagnostics.LoggingFailureAnalysisReporter [restartedMain] 

***************************
APPLICATION FAILED TO START
***************************

Description:

Web server failed to start. Port 8080 was already in use.

Action:

Identify and stop the process that's listening on port 8080 or configure this application to listen on another port.

2021-05-16 12:37:49,547 INFO org.springframework.boot.StartupInfoLogger [restartedMain] Starting Demo2ApplicationKt using Java 15.0.2 on LAPTOP-LRTCBQ5B with PID 18156 (C:\Users\dmkal\Desktop\demo2\target\classes started by dmkal in C:\Users\dmkal\Desktop\demo2)
2021-05-16 12:37:49,549 INFO org.springframework.boot.SpringApplication [restartedMain] No active profile set, falling back to default profiles: default
2021-05-16 12:37:49,578 INFO org.springframework.boot.logging.DeferredLog [restartedMain] Devtools property defaults active! Set 'spring.devtools.add-properties' to 'false' to disable
2021-05-16 12:37:49,578 INFO org.springframework.boot.logging.DeferredLog [restartedMain] For additional web related logging consider setting the 'logging.level.web' property to 'DEBUG'
2021-05-16 12:37:49,938 INFO org.springframework.data.repository.config.RepositoryConfigurationDelegate [restartedMain] Bootstrapping Spring Data JDBC repositories in DEFAULT mode.
2021-05-16 12:37:49,945 INFO org.springframework.data.repository.config.RepositoryConfigurationDelegate [restartedMain] Finished Spring Data repository scanning in 4 ms. Found 0 JDBC repository interfaces.
2021-05-16 12:37:50,180 INFO org.springframework.boot.web.embedded.tomcat.TomcatWebServer [restartedMain] Tomcat initialized with port(s): 8081 (http)
2021-05-16 12:37:50,185 INFO org.apache.juli.logging.DirectJDKLog [restartedMain] Initializing ProtocolHandler ["http-nio-8081"]
2021-05-16 12:37:50,185 INFO org.apache.juli.logging.DirectJDKLog [restartedMain] Starting service [Tomcat]
2021-05-16 12:37:50,185 INFO org.apache.juli.logging.DirectJDKLog [restartedMain] Starting Servlet engine: [Apache Tomcat/9.0.45]
2021-05-16 12:37:50,224 INFO org.apache.juli.logging.DirectJDKLog [restartedMain] Initializing Spring embedded WebApplicationContext
2021-05-16 12:37:50,224 INFO org.springframework.boot.web.servlet.context.ServletWebServerApplicationContext [restartedMain] Root WebApplicationContext: initialization completed in 645 ms
2021-05-16 12:37:50,355 INFO org.springframework.scheduling.concurrent.ExecutorConfigurationSupport [restartedMain] Initializing ExecutorService 'applicationTaskExecutor'
2021-05-16 12:37:50,456 INFO com.zaxxer.hikari.HikariDataSource [restartedMain] HikariPool-1 - Starting...
2021-05-16 12:37:50,506 INFO com.zaxxer.hikari.HikariDataSource [restartedMain] HikariPool-1 - Start completed.
2021-05-16 12:37:50,547 WARN org.springframework.boot.devtools.autoconfigure.OptionalLiveReloadServer [restartedMain] Unable to start LiveReload server
2021-05-16 12:37:50,556 INFO org.apache.juli.logging.DirectJDKLog [restartedMain] Starting ProtocolHandler ["http-nio-8081"]
2021-05-16 12:37:50,568 INFO org.springframework.boot.web.embedded.tomcat.TomcatWebServer [restartedMain] Tomcat started on port(s): 8081 (http) with context path ''
2021-05-16 12:37:50,576 INFO org.springframework.boot.StartupInfoLogger [restartedMain] Started Demo2ApplicationKt in 1.236 seconds (JVM running for 1.678)
2021-05-16 12:42:54,217 INFO org.springframework.boot.StartupInfoLogger [restartedMain] Starting Demo2ApplicationKt using Java 15.0.2 on LAPTOP-LRTCBQ5B with PID 1964 (C:\Users\dmkal\Desktop\demo2\target\classes started by dmkal in C:\Users\dmkal\Desktop\demo2)
2021-05-16 12:42:54,219 INFO org.springframework.boot.SpringApplication [restartedMain] No active profile set, falling back to default profiles: default
2021-05-16 12:42:54,249 INFO org.springframework.boot.logging.DeferredLog [restartedMain] Devtools property defaults active! Set 'spring.devtools.add-properties' to 'false' to disable
2021-05-16 12:42:54,249 INFO org.springframework.boot.logging.DeferredLog [restartedMain] For additional web related logging consider setting the 'logging.level.web' property to 'DEBUG'
2021-05-16 12:42:54,648 INFO org.springframework.data.repository.config.RepositoryConfigurationDelegate [restartedMain] Bootstrapping Spring Data JDBC repositories in DEFAULT mode.
2021-05-16 12:42:54,654 INFO org.springframework.data.repository.config.RepositoryConfigurationDelegate [restartedMain] Finished Spring Data repository scanning in 4 ms. Found 0 JDBC repository interfaces.
2021-05-16 12:42:54,911 INFO org.springframework.boot.web.embedded.tomcat.TomcatWebServer [restartedMain] Tomcat initialized with port(s): 8081 (http)
2021-05-16 12:42:54,916 INFO org.apache.juli.logging.DirectJDKLog [restartedMain] Initializing ProtocolHandler ["http-nio-8081"]
2021-05-16 12:42:54,918 INFO org.apache.juli.logging.DirectJDKLog [restartedMain] Starting service [Tomcat]
2021-05-16 12:42:54,918 INFO org.apache.juli.logging.DirectJDKLog [restartedMain] Starting Servlet engine: [Apache Tomcat/9.0.45]
2021-05-16 12:42:54,963 INFO org.apache.juli.logging.DirectJDKLog [restartedMain] Initializing Spring embedded WebApplicationContext
2021-05-16 12:42:54,964 INFO org.springframework.boot.web.servlet.context.ServletWebServerApplicationContext [restartedMain] Root WebApplicationContext: initialization completed in 714 ms
2021-05-16 12:42:55,109 INFO org.springframework.scheduling.concurrent.ExecutorConfigurationSupport [restartedMain] Initializing ExecutorService 'applicationTaskExecutor'
2021-05-16 12:42:55,223 INFO com.zaxxer.hikari.HikariDataSource [restartedMain] HikariPool-1 - Starting...
2021-05-16 12:42:55,269 INFO com.zaxxer.hikari.HikariDataSource [restartedMain] HikariPool-1 - Start completed.
2021-05-16 12:42:55,314 WARN org.springframework.boot.devtools.autoconfigure.OptionalLiveReloadServer [restartedMain] Unable to start LiveReload server
2021-05-16 12:42:55,325 INFO org.apache.juli.logging.DirectJDKLog [restartedMain] Starting ProtocolHandler ["http-nio-8081"]
2021-05-16 12:42:55,338 INFO org.springframework.boot.web.embedded.tomcat.TomcatWebServer [restartedMain] Tomcat started on port(s): 8081 (http) with context path ''
2021-05-16 12:42:55,345 INFO org.springframework.boot.StartupInfoLogger [restartedMain] Started Demo2ApplicationKt in 1.351 seconds (JVM running for 1.833)
2021-05-16 12:43:39,732 INFO org.springframework.boot.StartupInfoLogger [restartedMain] Starting Demo2ApplicationKt using Java 15.0.2 on LAPTOP-LRTCBQ5B with PID 16328 (C:\Users\dmkal\Desktop\demo2\target\classes started by dmkal in C:\Users\dmkal\Desktop\demo2)
2021-05-16 12:43:39,734 INFO org.springframework.boot.SpringApplication [restartedMain] No active profile set, falling back to default profiles: default
2021-05-16 12:43:39,763 INFO org.springframework.boot.logging.DeferredLog [restartedMain] Devtools property defaults active! Set 'spring.devtools.add-properties' to 'false' to disable
2021-05-16 12:43:39,763 INFO org.springframework.boot.logging.DeferredLog [restartedMain] For additional web related logging consider setting the 'logging.level.web' property to 'DEBUG'
2021-05-16 12:43:40,119 INFO org.springframework.data.repository.config.RepositoryConfigurationDelegate [restartedMain] Bootstrapping Spring Data JDBC repositories in DEFAULT mode.
2021-05-16 12:43:40,125 INFO org.springframework.data.repository.config.RepositoryConfigurationDelegate [restartedMain] Finished Spring Data repository scanning in 4 ms. Found 0 JDBC repository interfaces.
2021-05-16 12:43:40,371 INFO org.springframework.boot.web.embedded.tomcat.TomcatWebServer [restartedMain] Tomcat initialized with port(s): 8081 (http)
2021-05-16 12:43:40,375 INFO org.apache.juli.logging.DirectJDKLog [restartedMain] Initializing ProtocolHandler ["http-nio-8081"]
2021-05-16 12:43:40,375 INFO org.apache.juli.logging.DirectJDKLog [restartedMain] Starting service [Tomcat]
2021-05-16 12:43:40,376 INFO org.apache.juli.logging.DirectJDKLog [restartedMain] Starting Servlet engine: [Apache Tomcat/9.0.45]
2021-05-16 12:43:40,414 INFO org.apache.juli.logging.DirectJDKLog [restartedMain] Initializing Spring embedded WebApplicationContext
2021-05-16 12:43:40,414 INFO org.springframework.boot.web.servlet.context.ServletWebServerApplicationContext [restartedMain] Root WebApplicationContext: initialization completed in 650 ms
2021-05-16 12:43:40,547 INFO org.springframework.scheduling.concurrent.ExecutorConfigurationSupport [restartedMain] Initializing ExecutorService 'applicationTaskExecutor'
2021-05-16 12:43:40,654 INFO com.zaxxer.hikari.HikariDataSource [restartedMain] HikariPool-1 - Starting...
2021-05-16 12:43:40,701 INFO com.zaxxer.hikari.HikariDataSource [restartedMain] HikariPool-1 - Start completed.
2021-05-16 12:43:40,745 WARN org.springframework.boot.devtools.autoconfigure.OptionalLiveReloadServer [restartedMain] Unable to start LiveReload server
2021-05-16 12:43:40,755 INFO org.apache.juli.logging.DirectJDKLog [restartedMain] Starting ProtocolHandler ["http-nio-8081"]
2021-05-16 12:43:40,768 INFO org.springframework.boot.web.embedded.tomcat.TomcatWebServer [restartedMain] Tomcat started on port(s): 8081 (http) with context path ''
2021-05-16 12:43:40,775 INFO org.springframework.boot.StartupInfoLogger [restartedMain] Started Demo2ApplicationKt in 1.258 seconds (JVM running for 1.712)
2021-05-16 12:44:08,478 INFO org.springframework.boot.StartupInfoLogger [restartedMain] Starting Demo2ApplicationKt using Java 15.0.2 on LAPTOP-LRTCBQ5B with PID 18672 (C:\Users\dmkal\Desktop\demo2\target\classes started by dmkal in C:\Users\dmkal\Desktop\demo2)
2021-05-16 12:44:08,479 INFO org.springframework.boot.SpringApplication [restartedMain] No active profile set, falling back to default profiles: default
2021-05-16 12:44:08,507 INFO org.springframework.boot.logging.DeferredLog [restartedMain] Devtools property defaults active! Set 'spring.devtools.add-properties' to 'false' to disable
2021-05-16 12:44:08,508 INFO org.springframework.boot.logging.DeferredLog [restartedMain] For additional web related logging consider setting the 'logging.level.web' property to 'DEBUG'
2021-05-16 12:44:08,860 INFO org.springframework.data.repository.config.RepositoryConfigurationDelegate [restartedMain] Bootstrapping Spring Data JDBC repositories in DEFAULT mode.
2021-05-16 12:44:08,867 INFO org.springframework.data.repository.config.RepositoryConfigurationDelegate [restartedMain] Finished Spring Data repository scanning in 4 ms. Found 0 JDBC repository interfaces.
2021-05-16 12:44:09,105 INFO org.springframework.boot.web.embedded.tomcat.TomcatWebServer [restartedMain] Tomcat initialized with port(s): 8081 (http)
2021-05-16 12:44:09,110 INFO org.apache.juli.logging.DirectJDKLog [restartedMain] Initializing ProtocolHandler ["http-nio-8081"]
2021-05-16 12:44:09,111 INFO org.apache.juli.logging.DirectJDKLog [restartedMain] Starting service [Tomcat]
2021-05-16 12:44:09,111 INFO org.apache.juli.logging.DirectJDKLog [restartedMain] Starting Servlet engine: [Apache Tomcat/9.0.45]
2021-05-16 12:44:09,150 INFO org.apache.juli.logging.DirectJDKLog [restartedMain] Initializing Spring embedded WebApplicationContext
2021-05-16 12:44:09,150 INFO org.springframework.boot.web.servlet.context.ServletWebServerApplicationContext [restartedMain] Root WebApplicationContext: initialization completed in 642 ms
2021-05-16 12:44:09,277 INFO org.springframework.scheduling.concurrent.ExecutorConfigurationSupport [restartedMain] Initializing ExecutorService 'applicationTaskExecutor'
2021-05-16 12:44:09,384 INFO com.zaxxer.hikari.HikariDataSource [restartedMain] HikariPool-1 - Starting...
2021-05-16 12:44:09,435 INFO com.zaxxer.hikari.HikariDataSource [restartedMain] HikariPool-1 - Start completed.
2021-05-16 12:44:09,479 WARN org.springframework.boot.devtools.autoconfigure.OptionalLiveReloadServer [restartedMain] Unable to start LiveReload server
2021-05-16 12:44:09,488 INFO org.apache.juli.logging.DirectJDKLog [restartedMain] Starting ProtocolHandler ["http-nio-8081"]
2021-05-16 12:44:09,500 INFO org.springframework.boot.web.embedded.tomcat.TomcatWebServer [restartedMain] Tomcat started on port(s): 8081 (http) with context path ''
2021-05-16 12:44:09,507 INFO org.springframework.boot.StartupInfoLogger [restartedMain] Started Demo2ApplicationKt in 1.237 seconds (JVM running for 1.724)
2021-05-16 12:45:10,878 INFO org.springframework.scheduling.concurrent.ExecutorConfigurationSupport [Thread-1] Shutting down ExecutorService 'applicationTaskExecutor'
2021-05-16 12:45:10,879 INFO com.zaxxer.hikari.HikariDataSource [Thread-1] HikariPool-1 - Shutdown initiated...
2021-05-16 12:45:10,882 INFO com.zaxxer.hikari.HikariDataSource [Thread-1] HikariPool-1 - Shutdown completed.
2021-05-16 12:45:10,952 INFO org.springframework.boot.StartupInfoLogger [restartedMain] Starting Demo2ApplicationKt using Java 15.0.2 on LAPTOP-LRTCBQ5B with PID 18672 (C:\Users\dmkal\Desktop\demo2\target\classes started by dmkal in C:\Users\dmkal\Desktop\demo2)
2021-05-16 12:45:10,953 INFO org.springframework.boot.SpringApplication [restartedMain] No active profile set, falling back to default profiles: default
2021-05-16 12:45:11,062 INFO org.springframework.data.repository.config.RepositoryConfigurationDelegate [restartedMain] Bootstrapping Spring Data JDBC repositories in DEFAULT mode.
2021-05-16 12:45:11,064 INFO org.springframework.data.repository.config.RepositoryConfigurationDelegate [restartedMain] Finished Spring Data repository scanning in 1 ms. Found 0 JDBC repository interfaces.
2021-05-16 12:45:11,106 INFO org.springframework.boot.web.embedded.tomcat.TomcatWebServer [restartedMain] Tomcat initialized with port(s): 8081 (http)
2021-05-16 12:45:11,107 INFO org.apache.juli.logging.DirectJDKLog [restartedMain] Initializing ProtocolHandler ["http-nio-8081"]
2021-05-16 12:45:11,107 INFO org.apache.juli.logging.DirectJDKLog [restartedMain] Starting service [Tomcat]
2021-05-16 12:45:11,107 INFO org.apache.juli.logging.DirectJDKLog [restartedMain] Starting Servlet engine: [Apache Tomcat/9.0.45]
2021-05-16 12:45:11,124 INFO org.apache.juli.logging.DirectJDKLog [restartedMain] Initializing Spring embedded WebApplicationContext
2021-05-16 12:45:11,124 INFO org.springframework.boot.web.servlet.context.ServletWebServerApplicationContext [restartedMain] Root WebApplicationContext: initialization completed in 169 ms
2021-05-16 12:45:11,178 INFO org.springframework.scheduling.concurrent.ExecutorConfigurationSupport [restartedMain] Initializing ExecutorService 'applicationTaskExecutor'
2021-05-16 12:45:11,207 INFO com.zaxxer.hikari.HikariDataSource [restartedMain] HikariPool-2 - Starting...
2021-05-16 12:45:11,216 INFO com.zaxxer.hikari.HikariDataSource [restartedMain] HikariPool-2 - Start completed.
2021-05-16 12:45:11,223 WARN org.springframework.boot.devtools.autoconfigure.OptionalLiveReloadServer [restartedMain] Unable to start LiveReload server
2021-05-16 12:45:11,228 INFO org.apache.juli.logging.DirectJDKLog [restartedMain] Starting ProtocolHandler ["http-nio-8081"]
2021-05-16 12:45:11,230 INFO org.springframework.boot.web.embedded.tomcat.TomcatWebServer [restartedMain] Tomcat started on port(s): 8081 (http) with context path ''
2021-05-16 12:45:11,233 INFO org.springframework.boot.StartupInfoLogger [restartedMain] Started Demo2ApplicationKt in 0.305 seconds (JVM running for 63.449)
2021-05-16 12:45:11,234 INFO org.springframework.boot.devtools.autoconfigure.ConditionEvaluationDeltaLoggingListener [restartedMain] Condition evaluation unchanged
2021-05-16 12:49:58,515 INFO org.springframework.boot.StartupInfoLogger [restartedMain] Starting Demo2ApplicationKt using Java 15.0.2 on LAPTOP-LRTCBQ5B with PID 20868 (C:\Users\dmkal\Desktop\demo2\target\classes started by dmkal in C:\Users\dmkal\Desktop\demo2)
2021-05-16 12:49:58,516 INFO org.springframework.boot.SpringApplication [restartedMain] No active profile set, falling back to default profiles: default
2021-05-16 12:49:58,545 INFO org.springframework.boot.logging.DeferredLog [restartedMain] Devtools property defaults active! Set 'spring.devtools.add-properties' to 'false' to disable
2021-05-16 12:49:58,545 INFO org.springframework.boot.logging.DeferredLog [restartedMain] For additional web related logging consider setting the 'logging.level.web' property to 'DEBUG'
2021-05-16 12:49:58,912 INFO org.springframework.data.repository.config.RepositoryConfigurationDelegate [restartedMain] Bootstrapping Spring Data JDBC repositories in DEFAULT mode.
2021-05-16 12:49:58,918 INFO org.springframework.data.repository.config.RepositoryConfigurationDelegate [restartedMain] Finished Spring Data repository scanning in 3 ms. Found 0 JDBC repository interfaces.
2021-05-16 12:49:59,172 INFO org.springframework.boot.web.embedded.tomcat.TomcatWebServer [restartedMain] Tomcat initialized with port(s): 8081 (http)
2021-05-16 12:49:59,178 INFO org.apache.juli.logging.DirectJDKLog [restartedMain] Initializing ProtocolHandler ["http-nio-8081"]
2021-05-16 12:49:59,178 INFO org.apache.juli.logging.DirectJDKLog [restartedMain] Starting service [Tomcat]
2021-05-16 12:49:59,178 INFO org.apache.juli.logging.DirectJDKLog [restartedMain] Starting Servlet engine: [Apache Tomcat/9.0.45]
2021-05-16 12:49:59,219 INFO org.apache.juli.logging.DirectJDKLog [restartedMain] Initializing Spring embedded WebApplicationContext
2021-05-16 12:49:59,220 INFO org.springframework.boot.web.servlet.context.ServletWebServerApplicationContext [restartedMain] Root WebApplicationContext: initialization completed in 674 ms
2021-05-16 12:49:59,355 INFO org.springframework.scheduling.concurrent.ExecutorConfigurationSupport [restartedMain] Initializing ExecutorService 'applicationTaskExecutor'
2021-05-16 12:49:59,468 INFO com.zaxxer.hikari.HikariDataSource [restartedMain] HikariPool-1 - Starting...
2021-05-16 12:49:59,515 INFO com.zaxxer.hikari.HikariDataSource [restartedMain] HikariPool-1 - Start completed.
2021-05-16 12:49:59,561 WARN org.springframework.boot.devtools.autoconfigure.OptionalLiveReloadServer [restartedMain] Unable to start LiveReload server
2021-05-16 12:49:59,571 INFO org.apache.juli.logging.DirectJDKLog [restartedMain] Starting ProtocolHandler ["http-nio-8081"]
2021-05-16 12:49:59,583 INFO org.springframework.boot.web.embedded.tomcat.TomcatWebServer [restartedMain] Tomcat started on port(s): 8081 (http) with context path ''
2021-05-16 12:49:59,590 INFO org.springframework.boot.StartupInfoLogger [restartedMain] Started Demo2ApplicationKt in 1.288 seconds (JVM running for 1.737)
2021-05-16 12:51:01,098 INFO org.apache.juli.logging.DirectJDKLog [http-nio-8081-exec-1] Initializing Spring DispatcherServlet 'dispatcherServlet'
2021-05-16 12:51:01,098 INFO org.springframework.web.servlet.FrameworkServlet [http-nio-8081-exec-1] Initializing Servlet 'dispatcherServlet'
2021-05-16 12:51:01,099 INFO org.springframework.web.servlet.FrameworkServlet [http-nio-8081-exec-1] Completed initialization in 1 ms
2021-05-16 12:55:44,153 INFO org.springframework.boot.StartupInfoLogger [restartedMain] Starting Demo2ApplicationKt using Java 15.0.2 on LAPTOP-LRTCBQ5B with PID 19500 (C:\Users\dmkal\Desktop\demo2\target\classes started by dmkal in C:\Users\dmkal\Desktop\demo2)
2021-05-16 12:55:44,155 INFO org.springframework.boot.SpringApplication [restartedMain] No active profile set, falling back to default profiles: default
2021-05-16 12:55:44,185 INFO org.springframework.boot.logging.DeferredLog [restartedMain] Devtools property defaults active! Set 'spring.devtools.add-properties' to 'false' to disable
2021-05-16 12:55:44,186 INFO org.springframework.boot.logging.DeferredLog [restartedMain] For additional web related logging consider setting the 'logging.level.web' property to 'DEBUG'
2021-05-16 12:55:44,583 INFO org.springframework.data.repository.config.RepositoryConfigurationDelegate [restartedMain] Bootstrapping Spring Data JDBC repositories in DEFAULT mode.
2021-05-16 12:55:44,589 INFO org.springframework.data.repository.config.RepositoryConfigurationDelegate [restartedMain] Finished Spring Data repository scanning in 3 ms. Found 0 JDBC repository interfaces.
2021-05-16 12:55:44,835 INFO org.springframework.boot.web.embedded.tomcat.TomcatWebServer [restartedMain] Tomcat initialized with port(s): 8081 (http)
2021-05-16 12:55:44,841 INFO org.apache.juli.logging.DirectJDKLog [restartedMain] Initializing ProtocolHandler ["http-nio-8081"]
2021-05-16 12:55:44,841 INFO org.apache.juli.logging.DirectJDKLog [restartedMain] Starting service [Tomcat]
2021-05-16 12:55:44,841 INFO org.apache.juli.logging.DirectJDKLog [restartedMain] Starting Servlet engine: [Apache Tomcat/9.0.45]
2021-05-16 12:55:44,882 INFO org.apache.juli.logging.DirectJDKLog [restartedMain] Initializing Spring embedded WebApplicationContext
2021-05-16 12:55:44,882 INFO org.springframework.boot.web.servlet.context.ServletWebServerApplicationContext [restartedMain] Root WebApplicationContext: initialization completed in 696 ms
2021-05-16 12:55:45,014 INFO org.springframework.scheduling.concurrent.ExecutorConfigurationSupport [restartedMain] Initializing ExecutorService 'applicationTaskExecutor'
2021-05-16 12:55:45,117 INFO com.zaxxer.hikari.HikariDataSource [restartedMain] HikariPool-1 - Starting...
2021-05-16 12:55:45,165 INFO com.zaxxer.hikari.HikariDataSource [restartedMain] HikariPool-1 - Start completed.
2021-05-16 12:55:45,208 WARN org.springframework.boot.devtools.autoconfigure.OptionalLiveReloadServer [restartedMain] Unable to start LiveReload server
2021-05-16 12:55:45,217 INFO org.apache.juli.logging.DirectJDKLog [restartedMain] Starting ProtocolHandler ["http-nio-8081"]
2021-05-16 12:55:45,230 INFO org.springframework.boot.web.embedded.tomcat.TomcatWebServer [restartedMain] Tomcat started on port(s): 8081 (http) with context path ''
2021-05-16 12:55:45,238 INFO org.springframework.boot.StartupInfoLogger [restartedMain] Started Demo2ApplicationKt in 1.304 seconds (JVM running for 1.788)
2021-05-16 12:55:50,483 INFO org.apache.juli.logging.DirectJDKLog [http-nio-8081-exec-1] Initializing Spring DispatcherServlet 'dispatcherServlet'
2021-05-16 12:55:50,483 INFO org.springframework.web.servlet.FrameworkServlet [http-nio-8081-exec-1] Initializing Servlet 'dispatcherServlet'
2021-05-16 12:55:50,484 INFO org.springframework.web.servlet.FrameworkServlet [http-nio-8081-exec-1] Completed initialization in 1 ms
2021-05-16 13:09:53,089 WARN com.zaxxer.hikari.pool.PoolBase [http-nio-8081-exec-6] HikariPool-1 - Failed to validate connection org.postgresql.jdbc.PgConnection@4ace65a1 (Соединение уже было закрыто). Possibly consider using a shorter maxLifetime value.
2021-05-16 13:09:53,090 WARN com.zaxxer.hikari.pool.PoolBase [http-nio-8081-exec-6] HikariPool-1 - Failed to validate connection org.postgresql.jdbc.PgConnection@574895d5 (Соединение уже было закрыто). Possibly consider using a shorter maxLifetime value.
2021-05-16 13:09:53,091 WARN com.zaxxer.hikari.pool.PoolBase [http-nio-8081-exec-6] HikariPool-1 - Failed to validate connection org.postgresql.jdbc.PgConnection@6e9211f0 (Соединение уже было закрыто). Possibly consider using a shorter maxLifetime value.
2021-05-16 13:09:53,092 WARN com.zaxxer.hikari.pool.PoolBase [http-nio-8081-exec-6] HikariPool-1 - Failed to validate connection org.postgresql.jdbc.PgConnection@26e661b8 (Соединение уже было закрыто). Possibly consider using a shorter maxLifetime value.
2021-05-16 13:09:53,093 WARN com.zaxxer.hikari.pool.PoolBase [http-nio-8081-exec-6] HikariPool-1 - Failed to validate connection org.postgresql.jdbc.PgConnection@3bdd8e9 (Соединение уже было закрыто). Possibly consider using a shorter maxLifetime value.
2021-05-16 13:09:53,094 WARN com.zaxxer.hikari.pool.PoolBase [http-nio-8081-exec-6] HikariPool-1 - Failed to validate connection org.postgresql.jdbc.PgConnection@10481376 (Соединение уже было закрыто). Possibly consider using a shorter maxLifetime value.
2021-05-16 13:09:53,095 WARN com.zaxxer.hikari.pool.PoolBase [http-nio-8081-exec-6] HikariPool-1 - Failed to validate connection org.postgresql.jdbc.PgConnection@6eab8d1e (Соединение уже было закрыто). Possibly consider using a shorter maxLifetime value.
2021-05-16 13:09:53,095 WARN com.zaxxer.hikari.pool.PoolBase [http-nio-8081-exec-6] HikariPool-1 - Failed to validate connection org.postgresql.jdbc.PgConnection@7b55cad2 (Соединение уже было закрыто). Possibly consider using a shorter maxLifetime value.
2021-05-16 13:09:53,096 WARN com.zaxxer.hikari.pool.PoolBase [http-nio-8081-exec-6] HikariPool-1 - Failed to validate connection org.postgresql.jdbc.PgConnection@16422fc1 (Соединение уже было закрыто). Possibly consider using a shorter maxLifetime value.
2021-05-16 13:09:53,097 WARN com.zaxxer.hikari.pool.PoolBase [http-nio-8081-exec-6] HikariPool-1 - Failed to validate connection org.postgresql.jdbc.PgConnection@46415ddc (Соединение уже было закрыто). Possibly consider using a shorter maxLifetime value.
2021-05-16 13:10:23,109 ERROR org.apache.juli.logging.DirectJDKLog [http-nio-8081-exec-6] Servlet.service() for servlet [dispatcherServlet] in context with path [] threw exception [Request processing failed; nested exception is java.sql.SQLTransientConnectionException: HikariPool-1 - Connection is not available, request timed out after 30018ms.] with root cause
java.net.ConnectException: Connection refused: no further information
	at java.base/sun.nio.ch.Net.pollConnect(Native Method)
	at java.base/sun.nio.ch.Net.pollConnectNow(Net.java:660)
	at java.base/sun.nio.ch.NioSocketImpl.timedFinishConnect(NioSocketImpl.java:549)
	at java.base/sun.nio.ch.NioSocketImpl.connect(NioSocketImpl.java:597)
	at java.base/java.net.SocksSocketImpl.connect(SocksSocketImpl.java:333)
	at java.base/java.net.Socket.connect(Socket.java:648)
	at org.postgresql.core.PGStream.createSocket(PGStream.java:231)
	at org.postgresql.core.PGStream.<init>(PGStream.java:95)
	at org.postgresql.core.v3.ConnectionFactoryImpl.tryConnect(ConnectionFactoryImpl.java:98)
	at org.postgresql.core.v3.ConnectionFactoryImpl.openConnectionImpl(ConnectionFactoryImpl.java:213)
	at org.postgresql.core.ConnectionFactory.openConnection(ConnectionFactory.java:51)
	at org.postgresql.jdbc.PgConnection.<init>(PgConnection.java:223)
	at org.postgresql.Driver.makeConnection(Driver.java:465)
	at org.postgresql.Driver.connect(Driver.java:264)
	at com.zaxxer.hikari.util.DriverDataSource.getConnection(DriverDataSource.java:138)
	at com.zaxxer.hikari.pool.PoolBase.newConnection(PoolBase.java:358)
	at com.zaxxer.hikari.pool.PoolBase.newPoolEntry(PoolBase.java:206)
	at com.zaxxer.hikari.pool.HikariPool.createPoolEntry(HikariPool.java:477)
	at com.zaxxer.hikari.pool.HikariPool.access$100(HikariPool.java:71)
	at com.zaxxer.hikari.pool.HikariPool$PoolEntryCreator.call(HikariPool.java:725)
	at com.zaxxer.hikari.pool.HikariPool$PoolEntryCreator.call(HikariPool.java:711)
	at java.base/java.util.concurrent.FutureTask.run(FutureTask.java:264)
	at java.base/java.util.concurrent.ThreadPoolExecutor.runWorker(ThreadPoolExecutor.java:1130)
	at java.base/java.util.concurrent.ThreadPoolExecutor$Worker.run(ThreadPoolExecutor.java:630)
	at java.base/java.lang.Thread.run(Thread.java:832)
2021-05-16 13:11:05,415 ERROR org.apache.juli.logging.DirectJDKLog [http-nio-8081-exec-3] Servlet.service() for servlet [dispatcherServlet] in context with path [] threw exception [Request processing failed; nested exception is java.sql.SQLTransientConnectionException: HikariPool-1 - Connection is not available, request timed out after 30005ms.] with root cause
java.net.ConnectException: Connection refused: no further information
	at java.base/sun.nio.ch.Net.pollConnect(Native Method)
	at java.base/sun.nio.ch.Net.pollConnectNow(Net.java:660)
	at java.base/sun.nio.ch.NioSocketImpl.timedFinishConnect(NioSocketImpl.java:549)
	at java.base/sun.nio.ch.NioSocketImpl.connect(NioSocketImpl.java:597)
	at java.base/java.net.SocksSocketImpl.connect(SocksSocketImpl.java:333)
	at java.base/java.net.Socket.connect(Socket.java:648)
	at org.postgresql.core.PGStream.createSocket(PGStream.java:231)
	at org.postgresql.core.PGStream.<init>(PGStream.java:95)
	at org.postgresql.core.v3.ConnectionFactoryImpl.tryConnect(ConnectionFactoryImpl.java:98)
	at org.postgresql.core.v3.ConnectionFactoryImpl.openConnectionImpl(ConnectionFactoryImpl.java:213)
	at org.postgresql.core.ConnectionFactory.openConnection(ConnectionFactory.java:51)
	at org.postgresql.jdbc.PgConnection.<init>(PgConnection.java:223)
	at org.postgresql.Driver.makeConnection(Driver.java:465)
	at org.postgresql.Driver.connect(Driver.java:264)
	at com.zaxxer.hikari.util.DriverDataSource.getConnection(DriverDataSource.java:138)
	at com.zaxxer.hikari.pool.PoolBase.newConnection(PoolBase.java:358)
	at com.zaxxer.hikari.pool.PoolBase.newPoolEntry(PoolBase.java:206)
	at com.zaxxer.hikari.pool.HikariPool.createPoolEntry(HikariPool.java:477)
	at com.zaxxer.hikari.pool.HikariPool.access$100(HikariPool.java:71)
	at com.zaxxer.hikari.pool.HikariPool$PoolEntryCreator.call(HikariPool.java:725)
	at com.zaxxer.hikari.pool.HikariPool$PoolEntryCreator.call(HikariPool.java:711)
	at java.base/java.util.concurrent.FutureTask.run(FutureTask.java:264)
	at java.base/java.util.concurrent.ThreadPoolExecutor.runWorker(ThreadPoolExecutor.java:1130)
	at java.base/java.util.concurrent.ThreadPoolExecutor$Worker.run(ThreadPoolExecutor.java:630)
	at java.base/java.lang.Thread.run(Thread.java:832)
2021-05-16 13:11:50,018 ERROR org.apache.juli.logging.DirectJDKLog [http-nio-8081-exec-8] Servlet.service() for servlet [dispatcherServlet] in context with path [] threw exception [Request processing failed; nested exception is java.sql.SQLTransientConnectionException: HikariPool-1 - Connection is not available, request timed out after 30004ms.] with root cause
java.net.ConnectException: Connection refused: no further information
	at java.base/sun.nio.ch.Net.pollConnect(Native Method)
	at java.base/sun.nio.ch.Net.pollConnectNow(Net.java:660)
	at java.base/sun.nio.ch.NioSocketImpl.timedFinishConnect(NioSocketImpl.java:549)
	at java.base/sun.nio.ch.NioSocketImpl.connect(NioSocketImpl.java:597)
	at java.base/java.net.SocksSocketImpl.connect(SocksSocketImpl.java:333)
	at java.base/java.net.Socket.connect(Socket.java:648)
	at org.postgresql.core.PGStream.createSocket(PGStream.java:231)
	at org.postgresql.core.PGStream.<init>(PGStream.java:95)
	at org.postgresql.core.v3.ConnectionFactoryImpl.tryConnect(ConnectionFactoryImpl.java:98)
	at org.postgresql.core.v3.ConnectionFactoryImpl.openConnectionImpl(ConnectionFactoryImpl.java:213)
	at org.postgresql.core.ConnectionFactory.openConnection(ConnectionFactory.java:51)
	at org.postgresql.jdbc.PgConnection.<init>(PgConnection.java:223)
	at org.postgresql.Driver.makeConnection(Driver.java:465)
	at org.postgresql.Driver.connect(Driver.java:264)
	at com.zaxxer.hikari.util.DriverDataSource.getConnection(DriverDataSource.java:138)
	at com.zaxxer.hikari.pool.PoolBase.newConnection(PoolBase.java:358)
	at com.zaxxer.hikari.pool.PoolBase.newPoolEntry(PoolBase.java:206)
	at com.zaxxer.hikari.pool.HikariPool.createPoolEntry(HikariPool.java:477)
	at com.zaxxer.hikari.pool.HikariPool.access$100(HikariPool.java:71)
	at com.zaxxer.hikari.pool.HikariPool$PoolEntryCreator.call(HikariPool.java:725)
	at com.zaxxer.hikari.pool.HikariPool$PoolEntryCreator.call(HikariPool.java:711)
	at java.base/java.util.concurrent.FutureTask.run(FutureTask.java:264)
	at java.base/java.util.concurrent.ThreadPoolExecutor.runWorker(ThreadPoolExecutor.java:1130)
	at java.base/java.util.concurrent.ThreadPoolExecutor$Worker.run(ThreadPoolExecutor.java:630)
	at java.base/java.lang.Thread.run(Thread.java:832)
2021-05-16 13:12:29,947 ERROR org.apache.juli.logging.DirectJDKLog [http-nio-8081-exec-10] Servlet.service() for servlet [dispatcherServlet] in context with path [] threw exception [Request processing failed; nested exception is java.sql.SQLTransientConnectionException: HikariPool-1 - Connection is not available, request timed out after 30004ms.] with root cause
java.net.ConnectException: Connection refused: no further information
	at java.base/sun.nio.ch.Net.pollConnect(Native Method)
	at java.base/sun.nio.ch.Net.pollConnectNow(Net.java:660)
	at java.base/sun.nio.ch.NioSocketImpl.timedFinishConnect(NioSocketImpl.java:549)
	at java.base/sun.nio.ch.NioSocketImpl.connect(NioSocketImpl.java:597)
	at java.base/java.net.SocksSocketImpl.connect(SocksSocketImpl.java:333)
	at java.base/java.net.Socket.connect(Socket.java:648)
	at org.postgresql.core.PGStream.createSocket(PGStream.java:231)
	at org.postgresql.core.PGStream.<init>(PGStream.java:95)
	at org.postgresql.core.v3.ConnectionFactoryImpl.tryConnect(ConnectionFactoryImpl.java:98)
	at org.postgresql.core.v3.ConnectionFactoryImpl.openConnectionImpl(ConnectionFactoryImpl.java:213)
	at org.postgresql.core.ConnectionFactory.openConnection(ConnectionFactory.java:51)
	at org.postgresql.jdbc.PgConnection.<init>(PgConnection.java:223)
	at org.postgresql.Driver.makeConnection(Driver.java:465)
	at org.postgresql.Driver.connect(Driver.java:264)
	at com.zaxxer.hikari.util.DriverDataSource.getConnection(DriverDataSource.java:138)
	at com.zaxxer.hikari.pool.PoolBase.newConnection(PoolBase.java:358)
	at com.zaxxer.hikari.pool.PoolBase.newPoolEntry(PoolBase.java:206)
	at com.zaxxer.hikari.pool.HikariPool.createPoolEntry(HikariPool.java:477)
	at com.zaxxer.hikari.pool.HikariPool.access$100(HikariPool.java:71)
	at com.zaxxer.hikari.pool.HikariPool$PoolEntryCreator.call(HikariPool.java:725)
	at com.zaxxer.hikari.pool.HikariPool$PoolEntryCreator.call(HikariPool.java:711)
	at java.base/java.util.concurrent.FutureTask.run(FutureTask.java:264)
	at java.base/java.util.concurrent.ThreadPoolExecutor.runWorker(ThreadPoolExecutor.java:1130)
	at java.base/java.util.concurrent.ThreadPoolExecutor$Worker.run(ThreadPoolExecutor.java:630)
	at java.base/java.lang.Thread.run(Thread.java:832)
